<?xml version="1.0" encoding="UTF-8"?>
<testsuites>
  <testsuite name="fastlane.lanes">
    
    
    
      
      <testcase classname="fastlane.lanes" name="0: default_platform" time="0.042712">
        
      </testcase>
    
      
      <testcase classname="fastlane.lanes" name="1: xcodebuild -project /Users/binshad.basheer/Learning/iOS/ApiParser/ApiManager//ApiParser.xcodeproj -scheme ApiParser clean archive -configuration debug -sdk iphoneos -archivePath /Users/binshad.basheer/Learning/iOS/ApiParser/ApiManager//fastlane/builds/newArchive.xcarchive" time="33.828591">
        
      </testcase>
    
      
      <testcase classname="fastlane.lanes" name="2: xcodebuild -exportArchive -archivePath  /Users/binshad.basheer/Learning/iOS/ApiParser/ApiManager//fastlane/builds/newArchive.xcarchive -exportOptionsPlist /Users/binshad.basheer/Learning/iOS/ApiParser/ApiManager//fastlane/exportOptions.plist -exportPath /Users/binshad.basheer/Learning/iOS/ApiParser/ApiManager//fastlane/builds/ApiParser_IPA" time="2.983802">
        
          <failure message="/usr/local/Cellar/fastlane/2.140.0_1/libexec/gems/fastlane-2.140.0/fastlane/lib/fastlane/actions/actions_helper.rb:48:in `execute_action'&#10;/usr/local/Cellar/fastlane/2.140.0_1/libexec/gems/fastlane-2.140.0/fastlane/lib/fastlane/fast_file.rb:218:in `sh'&#10;/usr/local/Cellar/fastlane/2.140.0_1/libexec/gems/fastlane-2.140.0/fastlane/lib/fastlane/fast_file.rb:212:in `sh'&#10;Fastfile:52:in `block (2 levels) in parsing_binding'&#10;/usr/local/Cellar/fastlane/2.140.0_1/libexec/gems/fastlane-2.140.0/fastlane/lib/fastlane/lane.rb:33:in `call'&#10;/usr/local/Cellar/fastlane/2.140.0_1/libexec/gems/fastlane-2.140.0/fastlane/lib/fastlane/runner.rb:49:in `block in execute'&#10;/usr/local/Cellar/fastlane/2.140.0_1/libexec/gems/fastlane-2.140.0/fastlane/lib/fastlane/runner.rb:45:in `chdir'&#10;/usr/local/Cellar/fastlane/2.140.0_1/libexec/gems/fastlane-2.140.0/fastlane/lib/fastlane/runner.rb:45:in `execute'&#10;/usr/local/Cellar/fastlane/2.140.0_1/libexec/gems/fastlane-2.140.0/fastlane/lib/fastlane/lane_manager.rb:56:in `cruise_lane'&#10;/usr/local/Cellar/fastlane/2.140.0_1/libexec/gems/fastlane-2.140.0/fastlane/lib/fastlane/command_line_handler.rb:36:in `handle'&#10;/usr/local/Cellar/fastlane/2.140.0_1/libexec/gems/fastlane-2.140.0/fastlane/lib/fastlane/commands_generator.rb:108:in `block (2 levels) in run'&#10;/usr/local/Cellar/fastlane/2.140.0_1/libexec/gems/commander-fastlane-4.4.6/lib/commander/command.rb:178:in `call'&#10;/usr/local/Cellar/fastlane/2.140.0_1/libexec/gems/commander-fastlane-4.4.6/lib/commander/command.rb:153:in `run'&#10;/usr/local/Cellar/fastlane/2.140.0_1/libexec/gems/commander-fastlane-4.4.6/lib/commander/runner.rb:476:in `run_active_command'&#10;/usr/local/Cellar/fastlane/2.140.0_1/libexec/gems/fastlane-2.140.0/fastlane_core/lib/fastlane_core/ui/fastlane_runner.rb:76:in `run!'&#10;/usr/local/Cellar/fastlane/2.140.0_1/libexec/gems/commander-fastlane-4.4.6/lib/commander/delegates.rb:15:in `run!'&#10;/usr/local/Cellar/fastlane/2.140.0_1/libexec/gems/fastlane-2.140.0/fastlane/lib/fastlane/commands_generator.rb:349:in `run'&#10;/usr/local/Cellar/fastlane/2.140.0_1/libexec/gems/fastlane-2.140.0/fastlane/lib/fastlane/commands_generator.rb:41:in `start'&#10;/usr/local/Cellar/fastlane/2.140.0_1/libexec/gems/fastlane-2.140.0/fastlane/lib/fastlane/cli_tools_distributor.rb:119:in `take_off'&#10;/usr/local/Cellar/fastlane/2.140.0_1/libexec/gems/fastlane-2.140.0/bin/fastlane:23:in `&lt;top (required)&gt;'&#10;/usr/local/Cellar/fastlane/2.140.0_1/libexec/bin/fastlane:23:in `load'&#10;/usr/local/Cellar/fastlane/2.140.0_1/libexec/bin/fastlane:23:in `&lt;main&gt;'&#10;&#10;Exit status of command 'xcodebuild -exportArchive -archivePath  /Users/binshad.basheer/Learning/iOS/ApiParser/ApiManager//fastlane/builds/newArchive.xcarchive -exportOptionsPlist /Users/binshad.basheer/Learning/iOS/ApiParser/ApiManager//fastlane/exportOptions.plist -exportPath /Users/binshad.basheer/Learning/iOS/ApiParser/ApiManager//fastlane/builds/ApiParser_IPA' was 70 instead of 0.&#10;2020-01-22 13:26:13.123 xcodebuild[92063:11091319] [MT] IDEDistribution: -[IDEDistributionLogging _createLoggingBundleAtPath:]: Created bundle at path '/var/folders/v3/f7cdkghx7jgf61y46l1hsctjcdrxjp/T/ApiParser_2020-01-22_13-26-13.121.xcdistributionlogs'.&#10;error: exportArchive: No 'teamID' specified and no team ID found in the archive&#10;&#10;Error Domain=IDEFoundationErrorDomain Code=1 &quot;No 'teamID' specified and no team ID found in the archive&quot; UserInfo={NSLocalizedDescription=No 'teamID' specified and no team ID found in the archive}&#10;&#10;** EXPORT FAILED **&#10;&#10;" />
        
      </testcase>
    
  </testsuite>
</testsuites>
